[2025-12-02 19:25:59,643] 23 root -INFO - Starting data ingestion
[2025-12-02 19:26:04,673] 62 root -INFO - Performed train test split
[2025-12-02 19:26:04,673] 63 root -INFO - Exited split_data_as_train_test method of Data Ingestion class
[2025-12-02 19:26:04,673] 66 root -INFO - Created directory for train and test data
[2025-12-02 19:26:04,849] 69 root -INFO - Saved train and test data
[2025-12-02 19:26:04,849] 25 root -INFO - Data ingestion completed
[2025-12-02 19:26:04,861] 30 root -INFO - Starting data validation
[2025-12-02 19:26:05,054] 40 root -INFO - Schema columns: ['having_IP_Address', 'URL_Length', 'Shortining_Service', 'having_At_Symbol', 'double_slash_redirecting', 'Prefix_Suffix', 'having_Sub_Domain', 'SSLfinal_State', 'Domain_registeration_length', 'Favicon', 'port', 'HTTPS_token', 'Request_URL', 'URL_of_Anchor', 'Links_in_tags', 'SFH', 'Submitting_to_email', 'Abnormal_URL', 'Redirect', 'on_mouseover', 'RightClick', 'popUpWidnow', 'Iframe', 'age_of_domain', 'DNSRecord', 'web_traffic', 'Page_Rank', 'Google_Index', 'Links_pointing_to_page', 'Statistical_report', 'Result']
[2025-12-02 19:26:05,056] 41 root -INFO - DataFrame columns: ['having_IP_Address', 'URL_Length', 'Shortining_Service', 'having_At_Symbol', 'double_slash_redirecting', 'Prefix_Suffix', 'having_Sub_Domain', 'SSLfinal_State', 'Domain_registeration_length', 'Favicon', 'port', 'HTTPS_token', 'Request_URL', 'URL_of_Anchor', 'Links_in_tags', 'SFH', 'Submitting_to_email', 'Abnormal_URL', 'Redirect', 'on_mouseover', 'RightClick', 'popUpWidnow', 'Iframe', 'age_of_domain', 'DNSRecord', 'web_traffic', 'Page_Rank', 'Google_Index', 'Links_pointing_to_page', 'Statistical_report', 'Result']
[2025-12-02 19:26:05,060] 40 root -INFO - Schema columns: ['having_IP_Address', 'URL_Length', 'Shortining_Service', 'having_At_Symbol', 'double_slash_redirecting', 'Prefix_Suffix', 'having_Sub_Domain', 'SSLfinal_State', 'Domain_registeration_length', 'Favicon', 'port', 'HTTPS_token', 'Request_URL', 'URL_of_Anchor', 'Links_in_tags', 'SFH', 'Submitting_to_email', 'Abnormal_URL', 'Redirect', 'on_mouseover', 'RightClick', 'popUpWidnow', 'Iframe', 'age_of_domain', 'DNSRecord', 'web_traffic', 'Page_Rank', 'Google_Index', 'Links_pointing_to_page', 'Statistical_report', 'Result']
[2025-12-02 19:26:05,060] 41 root -INFO - DataFrame columns: ['having_IP_Address', 'URL_Length', 'Shortining_Service', 'having_At_Symbol', 'double_slash_redirecting', 'Prefix_Suffix', 'having_Sub_Domain', 'SSLfinal_State', 'Domain_registeration_length', 'Favicon', 'port', 'HTTPS_token', 'Request_URL', 'URL_of_Anchor', 'Links_in_tags', 'SFH', 'Submitting_to_email', 'Abnormal_URL', 'Redirect', 'on_mouseover', 'RightClick', 'popUpWidnow', 'Iframe', 'age_of_domain', 'DNSRecord', 'web_traffic', 'Page_Rank', 'Google_Index', 'Links_pointing_to_page', 'Statistical_report', 'Result']
[2025-12-02 19:26:05,412] 123 root -INFO - Data validation passed. Saving validated data.
[2025-12-02 19:26:05,412] 40 root -INFO - Starting data transformation
[2025-12-02 19:26:05,412] 55 root -INFO - Entered initiate_data_transformation method of DataTransformation class
[2025-12-02 19:26:05,591] 43 root -INFO - Entered get_data_transformer_object method.
[2025-12-02 19:26:05,591] 46 root -INFO - Initialized KNNImputer with params: {'missing_values': nan, 'n_neighbors': 3, 'weights': 'uniform'}
[2025-12-02 19:26:05,593] 74 root -INFO - Fitted the preprocessor object on training features.
[2025-12-02 19:26:05,616] 70 root -INFO - Entered the save_object method
[2025-12-02 19:26:05,620] 77 root -INFO - Exited the save_object method
[2025-12-02 19:26:05,624] 70 root -INFO - Entered the save_object method
[2025-12-02 19:26:05,627] 77 root -INFO - Exited the save_object method
[2025-12-02 19:26:05,627] 111 root -INFO - Data Transformation completed successfully.
